[2026-01-14 10:15:28] ==========================================
[2026-01-14 10:15:28] Morning Brief Boot Check
[2026-01-14 10:15:28] ==========================================
[2026-01-14 10:15:28] Today's brief not found. Generating...
[2026-01-14 10:15:34] Running /cyber-brief command...
[2026-01-14 10:15:43] ==========================================
[2026-01-14 10:15:43] Morning Brief Boot Check
[2026-01-14 10:15:43] ==========================================
[2026-01-14 10:15:43] Today's brief not found. Generating...
[2026-01-14 10:15:48] Running /cyber-brief command...
Morning Brief generated: /content/briefs/0114-26.md

Summary:
- Telegram: 3 unread conversations (24 messages)
- Emails: 44 important/unread
- Calendar: 18 events today, 7 tomorrow
- GTD tasks: 14 pending
- Leverage items: 5 high-impact

Top priorities:
1. **Jai An - Sonar Echo intro to Cobie** - Blocking Bitplanet public sale (highest leverage)
2. **Phala Network follow-up** - Need revenue breakdown + CTO call before vacation
3. **Meeting prep** - 8 calls today (Legion, QuestFlow, Bhindi, Delphi, Naptha, MetaCortex, GGF, Metropolis)

The synthesis captures the core insight: you have strong pipeline momentum but Jai's Sonar intro is the critical unblock. Success today = clear that blocker, move Elizaveta's Zipline intro forward, and keep Phala moving.

Web UI: http://localhost:3847/?day=today
[2026-01-14 10:17:47] Brief generated successfully: /Users/sg/Work/cyberman/content/briefs/0114-26.md
[2026-01-14 10:17:47] Boot check complete.
[2026-01-14 10:17:47] ==========================================
Morning Brief generated: /content/briefs/0114-26.md

**Summary:**
- **Telegram:** 3 unread conversations (24 messages)
- **Emails:** 45 important/unread
- **Calendar:** 18 events today/tomorrow
- **GTD tasks:** 13 pending

**Top priorities:**

1. **Jai An (Bitplanet) - Token Sale Strategy**
   - Needs Cobie/Sonar Echo approval for dutch auction sale
   - Requesting PR journalist contacts
   - 7 messages waiting since this morning

2. **DocuSign Legal Documents**
   - Two Utility3 shareholder documents waiting for signature

3. **Nof1 Call Prep**
   - Blocker meeting Friday 3pm needs preparation

**Strategic Leverage Items (Score ≥7.0):**
- Jai An token sale (9.5) - Blocking execution
- DocuSign signatures (8.0) - Legal blocker
- Zipline intro follow-up (7.0) - Robotics opportunity
- Phala Network IC decision (7.0) - DD closure needed
- Nof1 meeting prep (7.0) - Friday blocker

**Today's packed schedule:** 9 meetings from 10:30am to 8pm, including Legion, QuestFlow, Bhindi, Naptha, Delphi, MetaCortex, and GGF calls.

Web UI: http://localhost:3847/?day=today
[2026-01-14 10:19:25] Brief generated successfully: /Users/sg/Work/cyberman/content/briefs/0114-26.md
[2026-01-14 10:19:25] Boot check complete.
[2026-01-14 10:19:25] ==========================================
