[     633ms] [WARNING] [PostHog.js] You have already initialized PostHog! Re-initializing is a no-op @ https://www.x402scan.com/_next/static/chunks/265618d6426b7522.js?dpl=dpl_7Dkm1gGkyy8w6Cc3TWAcpXn2abpG:0
[     645ms] [WARNING] Mixed Content: The page at 'https://www.x402scan.com/composer/agents' was loaded over HTTPS, but requested an insecure element 'http://ainalyst-api.xyz/favicon.ico'. This request was automatically upgraded to HTTPS, For more information see https://blog.chromium.org/2019/10/no-more-mixed-messages-about-https.html @ https://www.x402scan.com/composer/agents:0
[     683ms] [ERROR] Failed to load resource: the server responded with a status of 404 () @ https://x402.arvos.xyz/favicon.png:0
[     875ms] [WARNING] Mixed Content: The page at 'https://www.x402scan.com/composer/agents' was loaded over HTTPS, but requested an insecure element 'http://ainalyst-api.xyz/favicon.ico'. This request was automatically upgraded to HTTPS, For more information see https://blog.chromium.org/2019/10/no-more-mixed-messages-about-https.html @ https://www.x402scan.com/composer/agents:0
[    1245ms] [ERROR] Failed to load resource: the server responded with a status of 401 () @ https://api.cdp.coinbase.com/platform/v2/embedded-wallet-api/projects/f324a33d-13ec-4990-8339-b8b7627fa043/auth/refresh:0
[    1416ms] [ERROR] Failed to load resource: the server responded with a status of 401 () @ https://api.cdp.coinbase.com/platform/v2/embedded-wallet-api/projects/f324a33d-13ec-4990-8339-b8b7627fa043/auth/logout:0
[    4583ms] [WARNING] The resource https://www.x402scan.com/_next/static/chunks/6f04dbb31b3b2afc.css?dpl=dpl_7Dkm1gGkyy8w6Cc3TWAcpXn2abpG was preloaded using link preload but not used within a few seconds from the window's load event. Please make sure it has an appropriate `as` value and it is preloaded intentionally. @ https://www.x402scan.com/composer/agents:0
[   11864ms] [WARNING] The resource https://www.x402scan.com/_next/static/chunks/6f04dbb31b3b2afc.css?dpl=dpl_7Dkm1gGkyy8w6Cc3TWAcpXn2abpG was preloaded using link preload but not used within a few seconds from the window's load event. Please make sure it has an appropriate `as` value and it is preloaded intentionally. @ https://www.x402scan.com/composer/agents:0
[   21605ms] [WARNING] Mixed Content: The page at 'https://www.x402scan.com/composer/agents' was loaded over HTTPS, but requested an insecure element 'http://ainalyst-api.xyz/favicon.ico'. This request was automatically upgraded to HTTPS, For more information see https://blog.chromium.org/2019/10/no-more-mixed-messages-about-https.html @ https://www.x402scan.com/composer/agents:0
[   21615ms] [WARNING] [PostHog.js] You have already initialized PostHog! Re-initializing is a no-op @ https://www.x402scan.com/_next/static/chunks/265618d6426b7522.js?dpl=dpl_7Dkm1gGkyy8w6Cc3TWAcpXn2abpG:0
[   21625ms] [WARNING] Mixed Content: The page at 'https://www.x402scan.com/composer/agents' was loaded over HTTPS, but requested an insecure element 'http://ainalyst-api.xyz/favicon.ico'. This request was automatically upgraded to HTTPS, For more information see https://blog.chromium.org/2019/10/no-more-mixed-messages-about-https.html @ https://www.x402scan.com/composer/agents:0
[   21643ms] [ERROR] Failed to load resource: the server responded with a status of 404 () @ https://x402.arvos.xyz/favicon.png:0
[   21786ms] [WARNING] Mixed Content: The page at 'https://www.x402scan.com/composer/agents' was loaded over HTTPS, but requested an insecure element 'http://ainalyst-api.xyz/favicon.ico'. This request was automatically upgraded to HTTPS, For more information see https://blog.chromium.org/2019/10/no-more-mixed-messages-about-https.html @ https://www.x402scan.com/composer/agents:0
[   22221ms] [ERROR] Failed to load resource: the server responded with a status of 401 () @ https://api.cdp.coinbase.com/platform/v2/embedded-wallet-api/projects/f324a33d-13ec-4990-8339-b8b7627fa043/auth/refresh:0
[   22393ms] [ERROR] Failed to load resource: the server responded with a status of 401 () @ https://api.cdp.coinbase.com/platform/v2/embedded-wallet-api/projects/f324a33d-13ec-4990-8339-b8b7627fa043/auth/logout:0
[   25121ms] [ERROR] Failed to load resource: the server responded with a status of 404 () @ https://x402.arvos.xyz/favicon.png:0
[   27605ms] [WARNING] Mixed Content: The page at 'https://www.x402scan.com/composer/agents' was loaded over HTTPS, but requested an insecure element 'http://ainalyst-api.xyz/favicon.ico'. This request was automatically upgraded to HTTPS, For more information see https://blog.chromium.org/2019/10/no-more-mixed-messages-about-https.html @ https://www.x402scan.com/composer/agents:0
[   27621ms] [WARNING] Mixed Content: The page at 'https://www.x402scan.com/composer/agents' was loaded over HTTPS, but requested an insecure element 'http://ainalyst-api.xyz/favicon.ico'. This request was automatically upgraded to HTTPS, For more information see https://blog.chromium.org/2019/10/no-more-mixed-messages-about-https.html @ https://www.x402scan.com/composer/agents:0
[   29457ms] [ERROR] Failed to load resource: net::ERR_NAME_NOT_RESOLVED @ https://api.ping.observer/static/favicon.png:0
[   30492ms] [ERROR] Failed to load resource: net::ERR_BLOCKED_BY_RESPONSE.NotSameOrigin @ https://agentlisa.ai/favicon.svg:0
[   30706ms] [ERROR] Failed to load resource: net::ERR_BLOCKED_BY_RESPONSE.NotSameOrigin @ https://jatevo.ai/favicon/favicon.png:0
[   30785ms] [ERROR] Failed to load resource: net::ERR_CERT_DATE_INVALID @ https://www.slotx402.fun/logo.svg:0
[   32111ms] [WARNING] Mixed Content: The page at 'https://www.x402scan.com/composer/agents' was loaded over HTTPS, but requested an insecure element 'http://ainalyst-api.xyz/favicon.ico'. This request was automatically upgraded to HTTPS, For more information see https://blog.chromium.org/2019/10/no-more-mixed-messages-about-https.html @ https://www.x402scan.com/composer/agents:0
[   32116ms] [WARNING] Mixed Content: The page at 'https://www.x402scan.com/composer/agents' was loaded over HTTPS, but requested an insecure element 'http://ainalyst-api.xyz/favicon.ico'. This request was automatically upgraded to HTTPS, For more information see https://blog.chromium.org/2019/10/no-more-mixed-messages-about-https.html @ https://www.x402scan.com/composer/agents:0
[   32121ms] [WARNING] Mixed Content: The page at 'https://www.x402scan.com/composer/agents' was loaded over HTTPS, but requested an insecure element 'http://ainalyst-api.xyz/favicon.ico'. This request was automatically upgraded to HTTPS, For more information see https://blog.chromium.org/2019/10/no-more-mixed-messages-about-https.html @ https://www.x402scan.com/composer/agents:0
[   32127ms] [WARNING] [PostHog.js] You have already initialized PostHog! Re-initializing is a no-op @ https://www.x402scan.com/_next/static/chunks/265618d6426b7522.js?dpl=dpl_7Dkm1gGkyy8w6Cc3TWAcpXn2abpG:0
[   32137ms] [WARNING] Mixed Content: The page at 'https://www.x402scan.com/composer/agents' was loaded over HTTPS, but requested an insecure element 'http://ainalyst-api.xyz/favicon.ico'. This request was automatically upgraded to HTTPS, For more information see https://blog.chromium.org/2019/10/no-more-mixed-messages-about-https.html @ https://www.x402scan.com/composer/agents:0
[   32149ms] [ERROR] Failed to load resource: the server responded with a status of 404 () @ https://x402.arvos.xyz/favicon.png:0
[   32290ms] [WARNING] Mixed Content: The page at 'https://www.x402scan.com/composer/agents' was loaded over HTTPS, but requested an insecure element 'http://ainalyst-api.xyz/favicon.ico'. This request was automatically upgraded to HTTPS, For more information see https://blog.chromium.org/2019/10/no-more-mixed-messages-about-https.html @ https://www.x402scan.com/composer/agents:0
[   32712ms] [ERROR] Failed to load resource: the server responded with a status of 401 () @ https://api.cdp.coinbase.com/platform/v2/embedded-wallet-api/projects/f324a33d-13ec-4990-8339-b8b7627fa043/auth/refresh:0
[   32898ms] [ERROR] Failed to load resource: the server responded with a status of 401 () @ https://api.cdp.coinbase.com/platform/v2/embedded-wallet-api/projects/f324a33d-13ec-4990-8339-b8b7627fa043/auth/logout:0
[   35609ms] [ERROR] Failed to load resource: the server responded with a status of 404 () @ https://x402.arvos.xyz/favicon.png:0
[   38122ms] [WARNING] Mixed Content: The page at 'https://www.x402scan.com/composer/agents' was loaded over HTTPS, but requested an insecure element 'http://ainalyst-api.xyz/favicon.ico'. This request was automatically upgraded to HTTPS, For more information see https://blog.chromium.org/2019/10/no-more-mixed-messages-about-https.html @ https://www.x402scan.com/composer/agents:0
[   38133ms] [WARNING] Mixed Content: The page at 'https://www.x402scan.com/composer/agents' was loaded over HTTPS, but requested an insecure element 'http://ainalyst-api.xyz/favicon.ico'. This request was automatically upgraded to HTTPS, For more information see https://blog.chromium.org/2019/10/no-more-mixed-messages-about-https.html @ https://www.x402scan.com/composer/agents:0
[   38300ms] [ERROR] Failed to load resource: the server responded with a status of 400 () @ https://www.x402scan.com/_next/image?url=https%3A%2F%2Fvbdmyxikqhgfmwge.public.blob.vercel-storage.com%2Fa86f8ee8-1bb9-4cc0-9b58-101766a3357d-1769040746718&w=64&q=75:0
[   43428ms] [ERROR] Failed to load resource: net::ERR_NAME_NOT_RESOLVED @ https://api.ping.observer/static/favicon.png:0
[   43472ms] [ERROR] Failed to load resource: net::ERR_BLOCKED_BY_RESPONSE.NotSameOrigin @ https://agentlisa.ai/favicon.svg:0
[   47261ms] [WARNING] The resource https://www.x402scan.com/_next/static/chunks/6f04dbb31b3b2afc.css?dpl=dpl_7Dkm1gGkyy8w6Cc3TWAcpXn2abpG was preloaded using link preload but not used within a few seconds from the window's load event. Please make sure it has an appropriate `as` value and it is preloaded intentionally. @ https://www.x402scan.com/composer/agents:0
[   52142ms] [WARNING] The resource https://www.x402scan.com/_next/static/chunks/6f04dbb31b3b2afc.css?dpl=dpl_7Dkm1gGkyy8w6Cc3TWAcpXn2abpG was preloaded using link preload but not used within a few seconds from the window's load event. Please make sure it has an appropriate `as` value and it is preloaded intentionally. @ https://www.x402scan.com/composer/agents:0
[   65679ms] [WARNING] Mixed Content: The page at 'https://www.x402scan.com/composer/agents' was loaded over HTTPS, but requested an insecure element 'http://ainalyst-api.xyz/favicon.ico'. This request was automatically upgraded to HTTPS, For more information see https://blog.chromium.org/2019/10/no-more-mixed-messages-about-https.html @ https://www.x402scan.com/composer/agents:0
[   65684ms] [WARNING] Mixed Content: The page at 'https://www.x402scan.com/composer/agents' was loaded over HTTPS, but requested an insecure element 'http://ainalyst-api.xyz/favicon.ico'. This request was automatically upgraded to HTTPS, For more information see https://blog.chromium.org/2019/10/no-more-mixed-messages-about-https.html @ https://www.x402scan.com/composer/agents:0
[   65688ms] [WARNING] Mixed Content: The page at 'https://www.x402scan.com/composer/agents' was loaded over HTTPS, but requested an insecure element 'http://ainalyst-api.xyz/favicon.ico'. This request was automatically upgraded to HTTPS, For more information see https://blog.chromium.org/2019/10/no-more-mixed-messages-about-https.html @ https://www.x402scan.com/composer/agents:0
[   65693ms] [WARNING] Mixed Content: The page at 'https://www.x402scan.com/composer/agents' was loaded over HTTPS, but requested an insecure element 'http://ainalyst-api.xyz/favicon.ico'. This request was automatically upgraded to HTTPS, For more information see https://blog.chromium.org/2019/10/no-more-mixed-messages-about-https.html @ https://www.x402scan.com/composer/agents:0
[   65696ms] [WARNING] Mixed Content: The page at 'https://www.x402scan.com/composer/agents' was loaded over HTTPS, but requested an insecure element 'http://ainalyst-api.xyz/favicon.ico'. This request was automatically upgraded to HTTPS, For more information see https://blog.chromium.org/2019/10/no-more-mixed-messages-about-https.html @ https://www.x402scan.com/composer/agents:0
[   65700ms] [WARNING] Mixed Content: The page at 'https://www.x402scan.com/composer/agents' was loaded over HTTPS, but requested an insecure element 'http://ainalyst-api.xyz/favicon.ico'. This request was automatically upgraded to HTTPS, For more information see https://blog.chromium.org/2019/10/no-more-mixed-messages-about-https.html @ https://www.x402scan.com/composer/agents:0
[   65704ms] [WARNING] Mixed Content: The page at 'https://www.x402scan.com/composer/agents' was loaded over HTTPS, but requested an insecure element 'http://ainalyst-api.xyz/favicon.ico'. This request was automatically upgraded to HTTPS, For more information see https://blog.chromium.org/2019/10/no-more-mixed-messages-about-https.html @ https://www.x402scan.com/composer/agents:0
[   65708ms] [WARNING] Mixed Content: The page at 'https://www.x402scan.com/composer/agents' was loaded over HTTPS, but requested an insecure element 'http://ainalyst-api.xyz/favicon.ico'. This request was automatically upgraded to HTTPS, For more information see https://blog.chromium.org/2019/10/no-more-mixed-messages-about-https.html @ https://www.x402scan.com/composer/agents:0
[   65714ms] [WARNING] [PostHog.js] You have already initialized PostHog! Re-initializing is a no-op @ https://www.x402scan.com/_next/static/chunks/265618d6426b7522.js?dpl=dpl_7Dkm1gGkyy8w6Cc3TWAcpXn2abpG:0
[   65723ms] [WARNING] Mixed Content: The page at 'https://www.x402scan.com/composer/agents' was loaded over HTTPS, but requested an insecure element 'http://ainalyst-api.xyz/favicon.ico'. This request was automatically upgraded to HTTPS, For more information see https://blog.chromium.org/2019/10/no-more-mixed-messages-about-https.html @ https://www.x402scan.com/composer/agents:0
[   65724ms] [ERROR] Failed to load resource: the server responded with a status of 404 () @ https://x402.arvos.xyz/favicon.png:0
[   65926ms] [WARNING] Mixed Content: The page at 'https://www.x402scan.com/composer/agents' was loaded over HTTPS, but requested an insecure element 'http://ainalyst-api.xyz/favicon.ico'. This request was automatically upgraded to HTTPS, For more information see https://blog.chromium.org/2019/10/no-more-mixed-messages-about-https.html @ https://www.x402scan.com/composer/agents:0
[   66027ms] [ERROR] Failed to load resource: the server responded with a status of 401 () @ https://api.cdp.coinbase.com/platform/v2/embedded-wallet-api/projects/f324a33d-13ec-4990-8339-b8b7627fa043/auth/refresh:0
[   66199ms] [ERROR] Failed to load resource: the server responded with a status of 401 () @ https://api.cdp.coinbase.com/platform/v2/embedded-wallet-api/projects/f324a33d-13ec-4990-8339-b8b7627fa043/auth/logout:0
[   75822ms] [WARNING] The resource https://www.x402scan.com/_next/static/chunks/6f04dbb31b3b2afc.css?dpl=dpl_7Dkm1gGkyy8w6Cc3TWAcpXn2abpG was preloaded using link preload but not used within a few seconds from the window's load event. Please make sure it has an appropriate `as` value and it is preloaded intentionally. @ https://www.x402scan.com/composer/agent/c4d754f8-679d-4d6b-afdc-640b2be898f7:0
[   83739ms] [WARNING] The resource https://www.x402scan.com/_next/static/chunks/6f04dbb31b3b2afc.css?dpl=dpl_7Dkm1gGkyy8w6Cc3TWAcpXn2abpG was preloaded using link preload but not used within a few seconds from the window's load event. Please make sure it has an appropriate `as` value and it is preloaded intentionally. @ https://www.x402scan.com/composer/agent/c4d754f8-679d-4d6b-afdc-640b2be898f7:0
[   89810ms] [WARNING] The resource https://www.x402scan.com/_next/static/chunks/6f04dbb31b3b2afc.css?dpl=dpl_7Dkm1gGkyy8w6Cc3TWAcpXn2abpG was preloaded using link preload but not used within a few seconds from the window's load event. Please make sure it has an appropriate `as` value and it is preloaded intentionally. @ https://www.x402scan.com/composer/agent/c4d754f8-679d-4d6b-afdc-640b2be898f7:0
[  108112ms] [WARNING] [PostHog.js] You have already initialized PostHog! Re-initializing is a no-op @ https://www.x402scan.com/_next/static/chunks/265618d6426b7522.js?dpl=dpl_7Dkm1gGkyy8w6Cc3TWAcpXn2abpG:0
[  108123ms] [WARNING] Mixed Content: The page at 'https://www.x402scan.com/composer/agents' was loaded over HTTPS, but requested an insecure element 'http://ainalyst-api.xyz/favicon.ico'. This request was automatically upgraded to HTTPS, For more information see https://blog.chromium.org/2019/10/no-more-mixed-messages-about-https.html @ https://www.x402scan.com/composer/agents:0
[  108163ms] [ERROR] Failed to load resource: the server responded with a status of 404 () @ https://x402.arvos.xyz/favicon.png:0
[  108308ms] [WARNING] Mixed Content: The page at 'https://www.x402scan.com/composer/agents' was loaded over HTTPS, but requested an insecure element 'http://ainalyst-api.xyz/favicon.ico'. This request was automatically upgraded to HTTPS, For more information see https://blog.chromium.org/2019/10/no-more-mixed-messages-about-https.html @ https://www.x402scan.com/composer/agents:0
[  108442ms] [ERROR] Failed to load resource: the server responded with a status of 401 () @ https://api.cdp.coinbase.com/platform/v2/embedded-wallet-api/projects/f324a33d-13ec-4990-8339-b8b7627fa043/auth/refresh:0
[  108645ms] [ERROR] Failed to load resource: the server responded with a status of 401 () @ https://api.cdp.coinbase.com/platform/v2/embedded-wallet-api/projects/f324a33d-13ec-4990-8339-b8b7627fa043/auth/logout:0
[  114756ms] [WARNING] The resource https://www.x402scan.com/_next/static/chunks/6f04dbb31b3b2afc.css?dpl=dpl_7Dkm1gGkyy8w6Cc3TWAcpXn2abpG was preloaded using link preload but not used within a few seconds from the window's load event. Please make sure it has an appropriate `as` value and it is preloaded intentionally. @ https://www.x402scan.com/composer/agent/4bb4f8de-01e9-4695-bbf6-ac7c3815d656:0
[  116740ms] [WARNING] [PostHog.js] You have already initialized PostHog! Re-initializing is a no-op @ https://www.x402scan.com/_next/static/chunks/265618d6426b7522.js?dpl=dpl_7Dkm1gGkyy8w6Cc3TWAcpXn2abpG:0
[  116751ms] [WARNING] Mixed Content: The page at 'https://www.x402scan.com/composer/agents' was loaded over HTTPS, but requested an insecure element 'http://ainalyst-api.xyz/favicon.ico'. This request was automatically upgraded to HTTPS, For more information see https://blog.chromium.org/2019/10/no-more-mixed-messages-about-https.html @ https://www.x402scan.com/composer/agents:0
[  116774ms] [ERROR] Failed to load resource: the server responded with a status of 404 () @ https://x402.arvos.xyz/favicon.png:0
[  116933ms] [WARNING] Mixed Content: The page at 'https://www.x402scan.com/composer/agents' was loaded over HTTPS, but requested an insecure element 'http://ainalyst-api.xyz/favicon.ico'. This request was automatically upgraded to HTTPS, For more information see https://blog.chromium.org/2019/10/no-more-mixed-messages-about-https.html @ https://www.x402scan.com/composer/agents:0
[  117063ms] [ERROR] Failed to load resource: the server responded with a status of 401 () @ https://api.cdp.coinbase.com/platform/v2/embedded-wallet-api/projects/f324a33d-13ec-4990-8339-b8b7627fa043/auth/refresh:0
[  117248ms] [ERROR] Failed to load resource: the server responded with a status of 401 () @ https://api.cdp.coinbase.com/platform/v2/embedded-wallet-api/projects/f324a33d-13ec-4990-8339-b8b7627fa043/auth/logout:0
[  120013ms] [WARNING] Mixed Content: The page at 'https://www.x402scan.com/composer/agents' was loaded over HTTPS, but requested an insecure element 'http://ainalyst-api.xyz/favicon.ico'. This request was automatically upgraded to HTTPS, For more information see https://blog.chromium.org/2019/10/no-more-mixed-messages-about-https.html @ https://www.x402scan.com/composer/agents:0
[  120050ms] [ERROR] Failed to load resource: the server responded with a status of 404 () @ https://x402.arvos.xyz/favicon.png:0
[  120176ms] [WARNING] Mixed Content: The page at 'https://www.x402scan.com/composer/agents' was loaded over HTTPS, but requested an insecure element 'http://ainalyst-api.xyz/favicon.ico'. This request was automatically upgraded to HTTPS, For more information see https://blog.chromium.org/2019/10/no-more-mixed-messages-about-https.html @ https://www.x402scan.com/composer/agents:0
[  130893ms] [WARNING] The resource https://www.x402scan.com/_next/static/chunks/6f04dbb31b3b2afc.css?dpl=dpl_7Dkm1gGkyy8w6Cc3TWAcpXn2abpG was preloaded using link preload but not used within a few seconds from the window's load event. Please make sure it has an appropriate `as` value and it is preloaded intentionally. @ https://www.x402scan.com/composer/agent/eca0ee23-ccd7-4c6f-8a68-5c3ec8616bbd:0
[  162892ms] [WARNING] [PostHog.js] You have already initialized PostHog! Re-initializing is a no-op @ https://www.x402scan.com/_next/static/chunks/265618d6426b7522.js?dpl=dpl_7Dkm1gGkyy8w6Cc3TWAcpXn2abpG:0
[  162902ms] [WARNING] Mixed Content: The page at 'https://www.x402scan.com/composer/agents' was loaded over HTTPS, but requested an insecure element 'http://ainalyst-api.xyz/favicon.ico'. This request was automatically upgraded to HTTPS, For more information see https://blog.chromium.org/2019/10/no-more-mixed-messages-about-https.html @ https://www.x402scan.com/composer/agents:0
[  162938ms] [ERROR] Failed to load resource: the server responded with a status of 404 () @ https://x402.arvos.xyz/favicon.png:0
[  163127ms] [WARNING] Mixed Content: The page at 'https://www.x402scan.com/composer/agents' was loaded over HTTPS, but requested an insecure element 'http://ainalyst-api.xyz/favicon.ico'. This request was automatically upgraded to HTTPS, For more information see https://blog.chromium.org/2019/10/no-more-mixed-messages-about-https.html @ https://www.x402scan.com/composer/agents:0
[  163237ms] [ERROR] Failed to load resource: the server responded with a status of 401 () @ https://api.cdp.coinbase.com/platform/v2/embedded-wallet-api/projects/f324a33d-13ec-4990-8339-b8b7627fa043/auth/refresh:0
[  163416ms] [ERROR] Failed to load resource: the server responded with a status of 401 () @ https://api.cdp.coinbase.com/platform/v2/embedded-wallet-api/projects/f324a33d-13ec-4990-8339-b8b7627fa043/auth/logout:0
[  166231ms] [ERROR] Failed to load resource: the server responded with a status of 404 () @ https://x402.arvos.xyz/favicon.png:0
[  168721ms] [WARNING] Mixed Content: The page at 'https://www.x402scan.com/composer/agents' was loaded over HTTPS, but requested an insecure element 'http://ainalyst-api.xyz/favicon.ico'. This request was automatically upgraded to HTTPS, For more information see https://blog.chromium.org/2019/10/no-more-mixed-messages-about-https.html @ https://www.x402scan.com/composer/agents:0
[  168880ms] [WARNING] Mixed Content: The page at 'https://www.x402scan.com/composer/agents' was loaded over HTTPS, but requested an insecure element 'http://ainalyst-api.xyz/favicon.ico'. This request was automatically upgraded to HTTPS, For more information see https://blog.chromium.org/2019/10/no-more-mixed-messages-about-https.html @ https://www.x402scan.com/composer/agents:0
[  168921ms] [ERROR] Failed to load resource: the server responded with a status of 400 () @ https://www.x402scan.com/_next/image?url=https%3A%2F%2Fvbdmyxikqhgfmwge.public.blob.vercel-storage.com%2Fa86f8ee8-1bb9-4cc0-9b58-101766a3357d-1769040746718&w=64&q=75:0
[  175656ms] [WARNING] Mixed Content: The page at 'https://www.x402scan.com/composer/agents' was loaded over HTTPS, but requested an insecure element 'http://ainalyst-api.xyz/favicon.ico'. This request was automatically upgraded to HTTPS, For more information see https://blog.chromium.org/2019/10/no-more-mixed-messages-about-https.html @ https://www.x402scan.com/composer/agents:0
[  175669ms] [WARNING] Mixed Content: The page at 'https://www.x402scan.com/composer/agents' was loaded over HTTPS, but requested an insecure element 'http://ainalyst-api.xyz/favicon.ico'. This request was automatically upgraded to HTTPS, For more information see https://blog.chromium.org/2019/10/no-more-mixed-messages-about-https.html @ https://www.x402scan.com/composer/agents:0
[  175744ms] [ERROR] Failed to load resource: the server responded with a status of 404 () @ https://x402.arvos.xyz/favicon.png:0
[  182334ms] [WARNING] The resource https://www.x402scan.com/_next/static/chunks/6f04dbb31b3b2afc.css?dpl=dpl_7Dkm1gGkyy8w6Cc3TWAcpXn2abpG was preloaded using link preload but not used within a few seconds from the window's load event. Please make sure it has an appropriate `as` value and it is preloaded intentionally. @ https://www.x402scan.com/composer/agents:0
[  183694ms] [WARNING] [PostHog.js] You have already initialized PostHog! Re-initializing is a no-op @ https://www.x402scan.com/_next/static/chunks/265618d6426b7522.js?dpl=dpl_7Dkm1gGkyy8w6Cc3TWAcpXn2abpG:0
[  184020ms] [ERROR] Failed to load resource: the server responded with a status of 401 () @ https://api.cdp.coinbase.com/platform/v2/embedded-wallet-api/projects/f324a33d-13ec-4990-8339-b8b7627fa043/auth/refresh:0
[  184197ms] [ERROR] Failed to load resource: the server responded with a status of 401 () @ https://api.cdp.coinbase.com/platform/v2/embedded-wallet-api/projects/f324a33d-13ec-4990-8339-b8b7627fa043/auth/logout:0
[  187364ms] [WARNING] The resource https://www.x402scan.com/_next/static/chunks/6f04dbb31b3b2afc.css?dpl=dpl_7Dkm1gGkyy8w6Cc3TWAcpXn2abpG was preloaded using link preload but not used within a few seconds from the window's load event. Please make sure it has an appropriate `as` value and it is preloaded intentionally. @ https://www.x402scan.com/composer/agent/eca0ee23-ccd7-4c6f-8a68-5c3ec8616bbd:0
[  194917ms] [WARNING] The resource https://www.x402scan.com/_next/static/chunks/6f04dbb31b3b2afc.css?dpl=dpl_7Dkm1gGkyy8w6Cc3TWAcpXn2abpG was preloaded using link preload but not used within a few seconds from the window's load event. Please make sure it has an appropriate `as` value and it is preloaded intentionally. @ https://www.x402scan.com/composer/agent/eca0ee23-ccd7-4c6f-8a68-5c3ec8616bbd:0
