[     791ms] [WARNING] [PostHog.js] You have already initialized PostHog! Re-initializing is a no-op @ https://www.x402scan.com/_next/static/chunks/265618d6426b7522.js?dpl=dpl_7Dkm1gGkyy8w6Cc3TWAcpXn2abpG:0
[     818ms] [WARNING] Mixed Content: The page at 'https://www.x402scan.com/composer/agents' was loaded over HTTPS, but requested an insecure element 'http://ainalyst-api.xyz/favicon.ico'. This request was automatically upgraded to HTTPS, For more information see https://blog.chromium.org/2019/10/no-more-mixed-messages-about-https.html @ https://www.x402scan.com/composer/agents:0
[    1009ms] [ERROR] Failed to load resource: the server responded with a status of 404 () @ https://x402.arvos.xyz/favicon.png:0
[    1672ms] [ERROR] Failed to load resource: the server responded with a status of 401 () @ https://api.cdp.coinbase.com/platform/v2/embedded-wallet-api/projects/f324a33d-13ec-4990-8339-b8b7627fa043/auth/refresh:0
[    1850ms] [ERROR] Failed to load resource: the server responded with a status of 401 () @ https://api.cdp.coinbase.com/platform/v2/embedded-wallet-api/projects/f324a33d-13ec-4990-8339-b8b7627fa043/auth/logout:0
[    2262ms] [WARNING] Mixed Content: The page at 'https://www.x402scan.com/composer/agents' was loaded over HTTPS, but requested an insecure element 'http://ainalyst-api.xyz/favicon.ico'. This request was automatically upgraded to HTTPS, For more information see https://blog.chromium.org/2019/10/no-more-mixed-messages-about-https.html @ https://www.x402scan.com/composer/agents:0
[    7343ms] [WARNING] The resource https://www.x402scan.com/_next/static/chunks/6f04dbb31b3b2afc.css?dpl=dpl_7Dkm1gGkyy8w6Cc3TWAcpXn2abpG was preloaded using link preload but not used within a few seconds from the window's load event. Please make sure it has an appropriate `as` value and it is preloaded intentionally. @ https://www.x402scan.com/composer/agents:0
[   12333ms] [WARNING] The resource https://www.x402scan.com/_next/static/chunks/6f04dbb31b3b2afc.css?dpl=dpl_7Dkm1gGkyy8w6Cc3TWAcpXn2abpG was preloaded using link preload but not used within a few seconds from the window's load event. Please make sure it has an appropriate `as` value and it is preloaded intentionally. @ https://www.x402scan.com/composer/agents:0
[   16805ms] [WARNING] The resource https://www.x402scan.com/_next/static/chunks/6f04dbb31b3b2afc.css?dpl=dpl_7Dkm1gGkyy8w6Cc3TWAcpXn2abpG was preloaded using link preload but not used within a few seconds from the window's load event. Please make sure it has an appropriate `as` value and it is preloaded intentionally. @ https://www.x402scan.com/composer/agents:0
[   24934ms] [WARNING] The resource https://www.x402scan.com/_next/static/chunks/6f04dbb31b3b2afc.css?dpl=dpl_7Dkm1gGkyy8w6Cc3TWAcpXn2abpG was preloaded using link preload but not used within a few seconds from the window's load event. Please make sure it has an appropriate `as` value and it is preloaded intentionally. @ https://www.x402scan.com/composer/agents:0
[   41079ms] [WARNING] The resource https://www.x402scan.com/_next/static/chunks/6f04dbb31b3b2afc.css?dpl=dpl_7Dkm1gGkyy8w6Cc3TWAcpXn2abpG was preloaded using link preload but not used within a few seconds from the window's load event. Please make sure it has an appropriate `as` value and it is preloaded intentionally. @ https://www.x402scan.com/composer/agents:0
[   62130ms] [WARNING] The resource https://www.x402scan.com/_next/static/chunks/6f04dbb31b3b2afc.css?dpl=dpl_7Dkm1gGkyy8w6Cc3TWAcpXn2abpG was preloaded using link preload but not used within a few seconds from the window's load event. Please make sure it has an appropriate `as` value and it is preloaded intentionally. @ https://www.x402scan.com/composer/agents:0
[   77146ms] [WARNING] The resource https://www.x402scan.com/_next/static/chunks/6f04dbb31b3b2afc.css?dpl=dpl_7Dkm1gGkyy8w6Cc3TWAcpXn2abpG was preloaded using link preload but not used within a few seconds from the window's load event. Please make sure it has an appropriate `as` value and it is preloaded intentionally. @ https://www.x402scan.com/composer/agents:0
[   81924ms] [WARNING] Mixed Content: The page at 'https://www.x402scan.com/composer/agents' was loaded over HTTPS, but requested an insecure element 'http://ainalyst-api.xyz/favicon.ico'. This request was automatically upgraded to HTTPS, For more information see https://blog.chromium.org/2019/10/no-more-mixed-messages-about-https.html @ https://www.x402scan.com/composer/agents:0
[   81931ms] [WARNING] Mixed Content: The page at 'https://www.x402scan.com/composer/agents' was loaded over HTTPS, but requested an insecure element 'http://ainalyst-api.xyz/favicon.ico'. This request was automatically upgraded to HTTPS, For more information see https://blog.chromium.org/2019/10/no-more-mixed-messages-about-https.html @ https://www.x402scan.com/composer/agents:0
[   81963ms] [ERROR] Failed to load resource: the server responded with a status of 404 () @ https://x402.arvos.xyz/favicon.png:0
[   86061ms] [ERROR] Failed to load resource: net::ERR_NAME_NOT_RESOLVED @ https://api.ping.observer/static/favicon.png:0
[   86257ms] [ERROR] Failed to load resource: net::ERR_BLOCKED_BY_RESPONSE.NotSameOrigin @ https://agentlisa.ai/favicon.svg:0
[   87867ms] [ERROR] Failed to load resource: net::ERR_BLOCKED_BY_RESPONSE.NotSameOrigin @ https://jatevo.ai/favicon/favicon.png:0
[   88080ms] [ERROR] Failed to load resource: net::ERR_CERT_DATE_INVALID @ https://www.slotx402.fun/logo.svg:0
[   89859ms] [ERROR] Failed to load resource: net::ERR_BLOCKED_BY_RESPONSE.NotSameOrigin @ https://agentlisa.ai/favicon.svg:0
[   90366ms] [ERROR] Failed to load resource: net::ERR_CERT_DATE_INVALID @ https://www.slotx402.fun/logo.svg:0
[   92379ms] [ERROR] Failed to load resource: net::ERR_NAME_NOT_RESOLVED @ https://x402pay.pro/favicon.svg:0
[   93844ms] [WARNING] Mixed Content: The page at 'https://www.x402scan.com/composer/agents' was loaded over HTTPS, but requested an insecure element 'http://eliza.getimagine.club/favicon.ico'. This request was automatically upgraded to HTTPS, For more information see https://blog.chromium.org/2019/10/no-more-mixed-messages-about-https.html @ https://www.x402scan.com/composer/agents:0
[   93870ms] [ERROR] Failed to load resource: net::ERR_NAME_NOT_RESOLVED @ https://api.ping.observer/static/favicon.png:0
[   94382ms] [ERROR] Failed to load resource: net::ERR_CERT_COMMON_NAME_INVALID @ https://eliza.getimagine.club/favicon.ico:0
[   95371ms] [ERROR] Failed to load resource: net::ERR_NAME_NOT_RESOLVED @ https://api.ping.observer/static/favicon.png:0
[   96839ms] [WARNING] The resource https://www.x402scan.com/_next/static/chunks/6f04dbb31b3b2afc.css?dpl=dpl_7Dkm1gGkyy8w6Cc3TWAcpXn2abpG was preloaded using link preload but not used within a few seconds from the window's load event. Please make sure it has an appropriate `as` value and it is preloaded intentionally. @ https://www.x402scan.com/composer/agents:0
[   97818ms] [WARNING] Mixed Content: The page at 'https://www.x402scan.com/composer/agents' was loaded over HTTPS, but requested an insecure element 'http://eliza.getimagine.club/favicon.ico'. This request was automatically upgraded to HTTPS, For more information see https://blog.chromium.org/2019/10/no-more-mixed-messages-about-https.html @ https://www.x402scan.com/composer/agents:0
[   97838ms] [ERROR] Failed to load resource: net::ERR_NAME_NOT_RESOLVED @ https://api.ping.observer/static/favicon.png:0
[   98206ms] [ERROR] Failed to load resource: net::ERR_CERT_COMMON_NAME_INVALID @ https://eliza.getimagine.club/favicon.ico:0
[  101965ms] [ERROR] Failed to load resource: the server responded with a status of 400 () @ https://www.x402scan.com/_next/image?url=https%3A%2F%2Fvbdmyxikqhgfmwge.public.blob.vercel-storage.com%2F89e75d11-37f1-41ed-8872-583689ff4719-1769498777128&w=64&q=75:0
[  103360ms] [WARNING] Mixed Content: The page at 'https://www.x402scan.com/composer/agents' was loaded over HTTPS, but requested an insecure element 'http://ainalyst-api.xyz/favicon.ico'. This request was automatically upgraded to HTTPS, For more information see https://blog.chromium.org/2019/10/no-more-mixed-messages-about-https.html @ https://www.x402scan.com/composer/agents:0
[  103377ms] [WARNING] Mixed Content: The page at 'https://www.x402scan.com/composer/agents' was loaded over HTTPS, but requested an insecure element 'http://ainalyst-api.xyz/favicon.ico'. This request was automatically upgraded to HTTPS, For more information see https://blog.chromium.org/2019/10/no-more-mixed-messages-about-https.html @ https://www.x402scan.com/composer/agents:0
[  103540ms] [ERROR] Failed to load resource: the server responded with a status of 400 () @ https://www.x402scan.com/_next/image?url=https%3A%2F%2Fvbdmyxikqhgfmwge.public.blob.vercel-storage.com%2F40b410ed-6cb6-4b05-abd1-c8d3565c181f-1763569052752&w=64&q=75:0
[  103575ms] [ERROR] Failed to load resource: net::ERR_BLOCKED_BY_RESPONSE.NotSameOrigin @ https://jatevo.ai/favicon/favicon.png:0
[  103947ms] [ERROR] Failed to load resource: net::ERR_CERT_DATE_INVALID @ https://www.penny.tech/penny.png:0
[  112614ms] [WARNING] The resource https://www.x402scan.com/_next/static/chunks/6f04dbb31b3b2afc.css?dpl=dpl_7Dkm1gGkyy8w6Cc3TWAcpXn2abpG was preloaded using link preload but not used within a few seconds from the window's load event. Please make sure it has an appropriate `as` value and it is preloaded intentionally. @ https://www.x402scan.com/composer/agents:0
[  118134ms] [WARNING] The resource https://www.x402scan.com/_next/static/chunks/6f04dbb31b3b2afc.css?dpl=dpl_7Dkm1gGkyy8w6Cc3TWAcpXn2abpG was preloaded using link preload but not used within a few seconds from the window's load event. Please make sure it has an appropriate `as` value and it is preloaded intentionally. @ https://www.x402scan.com/composer/agents:0
