[    2589ms] [WARNING] [PostHog.js] You have already initialized PostHog! Re-initializing is a no-op @ https://www.x402scan.com/ingest/static/posthog-recorder.js?v=1.281.0:0
[    2619ms] [WARNING] Mixed Content: The page at 'https://www.x402scan.com/composer/agents' was loaded over HTTPS, but requested an insecure element 'http://ainalyst-api.xyz/favicon.ico'. This request was automatically upgraded to HTTPS, For more information see https://blog.chromium.org/2019/10/no-more-mixed-messages-about-https.html @ https://www.x402scan.com/composer/agents:0
[    2754ms] [ERROR] Failed to load resource: the server responded with a status of 404 () @ https://x402.arvos.xyz/favicon.png:0
[    3241ms] [ERROR] Failed to load resource: the server responded with a status of 401 () @ https://api.cdp.coinbase.com/platform/v2/embedded-wallet-api/projects/f324a33d-13ec-4990-8339-b8b7627fa043/auth/refresh:0
[    3408ms] [WARNING] Mixed Content: The page at 'https://www.x402scan.com/composer/agents' was loaded over HTTPS, but requested an insecure element 'http://ainalyst-api.xyz/favicon.ico'. This request was automatically upgraded to HTTPS, For more information see https://blog.chromium.org/2019/10/no-more-mixed-messages-about-https.html @ https://www.x402scan.com/composer/agents:0
[    3429ms] [ERROR] Failed to load resource: the server responded with a status of 401 () @ https://api.cdp.coinbase.com/platform/v2/embedded-wallet-api/projects/f324a33d-13ec-4990-8339-b8b7627fa043/auth/logout:0
[    6870ms] [WARNING] The resource https://www.x402scan.com/_next/static/chunks/6f04dbb31b3b2afc.css?dpl=dpl_BipdTG3D3iVgDi9W2nkBzsmSumrU was preloaded using link preload but not used within a few seconds from the window's load event. Please make sure it has an appropriate `as` value and it is preloaded intentionally. @ https://www.x402scan.com/composer/agents:0
[   13935ms] [WARNING] The resource https://www.x402scan.com/_next/static/chunks/6f04dbb31b3b2afc.css?dpl=dpl_BipdTG3D3iVgDi9W2nkBzsmSumrU was preloaded using link preload but not used within a few seconds from the window's load event. Please make sure it has an appropriate `as` value and it is preloaded intentionally. @ https://www.x402scan.com/composer/agents:0
[   28313ms] [WARNING] The resource https://www.x402scan.com/_next/static/chunks/6f04dbb31b3b2afc.css?dpl=dpl_BipdTG3D3iVgDi9W2nkBzsmSumrU was preloaded using link preload but not used within a few seconds from the window's load event. Please make sure it has an appropriate `as` value and it is preloaded intentionally. @ https://www.x402scan.com/composer/agents:0
[   29866ms] [WARNING] Mixed Content: The page at 'https://www.x402scan.com/composer/agents' was loaded over HTTPS, but requested an insecure element 'http://ainalyst-api.xyz/favicon.ico'. This request was automatically upgraded to HTTPS, For more information see https://blog.chromium.org/2019/10/no-more-mixed-messages-about-https.html @ https://www.x402scan.com/composer/agents:0
[   29904ms] [ERROR] Failed to load resource: the server responded with a status of 404 () @ https://x402.arvos.xyz/favicon.png:0
[   30057ms] [WARNING] Mixed Content: The page at 'https://www.x402scan.com/composer/agents' was loaded over HTTPS, but requested an insecure element 'http://ainalyst-api.xyz/favicon.ico'. This request was automatically upgraded to HTTPS, For more information see https://blog.chromium.org/2019/10/no-more-mixed-messages-about-https.html @ https://www.x402scan.com/composer/agents:0
[   36927ms] [WARNING] The resource https://www.x402scan.com/_next/static/chunks/6f04dbb31b3b2afc.css?dpl=dpl_BipdTG3D3iVgDi9W2nkBzsmSumrU was preloaded using link preload but not used within a few seconds from the window's load event. Please make sure it has an appropriate `as` value and it is preloaded intentionally. @ https://www.x402scan.com/composer/agents:0
[  106629ms] [WARNING] The resource https://www.x402scan.com/_next/static/chunks/6f04dbb31b3b2afc.css?dpl=dpl_BipdTG3D3iVgDi9W2nkBzsmSumrU was preloaded using link preload but not used within a few seconds from the window's load event. Please make sure it has an appropriate `as` value and it is preloaded intentionally. @ https://www.x402scan.com/composer/agents:0
[  109826ms] [WARNING] The resource https://www.x402scan.com/_next/static/chunks/6f04dbb31b3b2afc.css?dpl=dpl_BipdTG3D3iVgDi9W2nkBzsmSumrU was preloaded using link preload but not used within a few seconds from the window's load event. Please make sure it has an appropriate `as` value and it is preloaded intentionally. @ https://www.x402scan.com/composer/agents:0
[  113439ms] [WARNING] The resource https://www.x402scan.com/_next/static/chunks/6f04dbb31b3b2afc.css?dpl=dpl_BipdTG3D3iVgDi9W2nkBzsmSumrU was preloaded using link preload but not used within a few seconds from the window's load event. Please make sure it has an appropriate `as` value and it is preloaded intentionally. @ https://www.x402scan.com/composer/agents:0
[  125892ms] [ERROR] Failed to load resource: net::ERR_NAME_NOT_RESOLVED @ https://api.ping.observer/static/favicon.png:0
[  126190ms] [ERROR] Failed to load resource: net::ERR_BLOCKED_BY_RESPONSE.NotSameOrigin @ https://agentlisa.ai/favicon.svg:0
[  131925ms] [WARNING] The resource https://www.x402scan.com/_next/static/chunks/6f04dbb31b3b2afc.css?dpl=dpl_BipdTG3D3iVgDi9W2nkBzsmSumrU was preloaded using link preload but not used within a few seconds from the window's load event. Please make sure it has an appropriate `as` value and it is preloaded intentionally. @ https://www.x402scan.com/composer/agents:0
[  134496ms] [ERROR] Failed to load resource: net::ERR_BLOCKED_BY_RESPONSE.NotSameOrigin @ https://jatevo.ai/favicon/favicon.png:0
[  134675ms] [ERROR] Failed to load resource: net::ERR_CERT_DATE_INVALID @ https://www.slotx402.fun/logo.svg:0
[  140261ms] [WARNING] The resource https://www.x402scan.com/_next/static/chunks/6f04dbb31b3b2afc.css?dpl=dpl_BipdTG3D3iVgDi9W2nkBzsmSumrU was preloaded using link preload but not used within a few seconds from the window's load event. Please make sure it has an appropriate `as` value and it is preloaded intentionally. @ https://www.x402scan.com/composer/agents:0
[  143930ms] [WARNING] The resource https://www.x402scan.com/_next/static/chunks/6f04dbb31b3b2afc.css?dpl=dpl_BipdTG3D3iVgDi9W2nkBzsmSumrU was preloaded using link preload but not used within a few seconds from the window's load event. Please make sure it has an appropriate `as` value and it is preloaded intentionally. @ https://www.x402scan.com/composer/agents:0
